  [1m[35m (0.7ms)[0m  [1m[35mCREATE DATABASE "wisewayjobs_0"."1_development" ENCODING = 'unicode'[0m
  [1m[35m (539.2ms)[0m  [1m[35mCREATE DATABASE "wisewayjobs_0-1_development" ENCODING = 'unicode'[0m
  [1m[35m (619.5ms)[0m  [1m[35mCREATE DATABASE "wisewayjobs_0-1_test" ENCODING = 'unicode'[0m
Started GET "/" for 127.0.0.1 at 2021-09-02 21:05:41 +0200
Processing by HomeController#index as HTML
  Rendering layout layouts/application.html.erb
  Rendering home/index.html.erb within layouts/application
  Rendered home/index.html.erb within layouts/application (Duration: 0.9ms | Allocations: 463)
[Webpacker] Compiling...
[Webpacker] Compiled all packs in /home/patryk/wisewayjobs/wisewayjobs/public/packs
[Webpacker] Hash: e2a8a876c5815bee1e21
Version: webpack 4.46.0
Time: 1373ms
Built at: 2021-09-02 21:05:44
                                     Asset       Size       Chunks                         Chunk Names
    js/application-e421b4aa3f716bebdab1.js    125 KiB  application  [emitted] [immutable]  application
js/application-e421b4aa3f716bebdab1.js.map    139 KiB  application  [emitted] [dev]        application
                             manifest.json  364 bytes               [emitted]              
Entrypoint application = js/application-e421b4aa3f716bebdab1.js js/application-e421b4aa3f716bebdab1.js.map
[./app/javascript/channels sync recursive _channel\.js$] ./app/javascript/channels sync _channel\.js$ 160 bytes {application} [built]
[./app/javascript/channels/index.js] 211 bytes {application} [built]
[./app/javascript/packs/application.js] 492 bytes {application} [built]
[./node_modules/webpack/buildin/module.js] (webpack)/buildin/module.js 552 bytes {application} [built]
    + 3 hidden modules

  Rendered layout layouts/application.html.erb (Duration: 2386.6ms | Allocations: 14961)
Completed 200 OK in 2401ms (Views: 2390.9ms | ActiveRecord: 0.0ms | Allocations: 22389)


Started GET "/dada" for 127.0.0.1 at 2021-09-02 21:05:49 +0200
  
ActionController::RoutingError (No route matches [GET] "/dada"):
  
  [1m[35m (154.8ms)[0m  [1m[35mCREATE TABLE "schema_migrations" ("version" character varying NOT NULL PRIMARY KEY)[0m
  [1m[35m (92.3ms)[0m  [1m[35mCREATE TABLE "ar_internal_metadata" ("key" character varying NOT NULL PRIMARY KEY, "value" character varying, "created_at" timestamp(6) NOT NULL, "updated_at" timestamp(6) NOT NULL)[0m
  [1m[35m (0.2ms)[0m  [1m[34mSELECT pg_try_advisory_lock(7524738691768271610)[0m
  [1m[35m (0.4ms)[0m  [1m[34mSELECT "schema_migrations"."version" FROM "schema_migrations" ORDER BY "schema_migrations"."version" ASC[0m
Migrating to DeviseCreateUsers (20210902190607)
  [1m[36mTRANSACTION (0.2ms)[0m  [1m[35mBEGIN[0m
  [1m[35m (67.6ms)[0m  [1m[35mCREATE TABLE "users" ("id" bigserial primary key, "email" character varying DEFAULT '' NOT NULL, "encrypted_password" character varying DEFAULT '' NOT NULL, "reset_password_token" character varying, "reset_password_sent_at" timestamp, "remember_created_at" timestamp, "created_at" timestamp(6) NOT NULL, "updated_at" timestamp(6) NOT NULL)[0m
  [1m[35m (40.8ms)[0m  [1m[35mCREATE UNIQUE INDEX "index_users_on_email" ON "users" ("email")[0m
  [1m[35m (32.5ms)[0m  [1m[35mCREATE UNIQUE INDEX "index_users_on_reset_password_token" ON "users" ("reset_password_token")[0m
  [1m[36mActiveRecord::SchemaMigration Create (0.4ms)[0m  [1m[32mINSERT INTO "schema_migrations" ("version") VALUES ($1) RETURNING "version"[0m  [["version", "20210902190607"]]
  [1m[36mTRANSACTION (17.4ms)[0m  [1m[35mCOMMIT[0m
  [1m[36mActiveRecord::InternalMetadata Load (0.3ms)[0m  [1m[34mSELECT "ar_internal_metadata".* FROM "ar_internal_metadata" WHERE "ar_internal_metadata"."key" = $1 LIMIT $2[0m  [["key", "environment"], ["LIMIT", 1]]
  [1m[36mTRANSACTION (0.2ms)[0m  [1m[35mBEGIN[0m
  [1m[36mActiveRecord::InternalMetadata Create (0.4ms)[0m  [1m[32mINSERT INTO "ar_internal_metadata" ("key", "value", "created_at", "updated_at") VALUES ($1, $2, $3, $4) RETURNING "key"[0m  [["key", "environment"], ["value", "development"], ["created_at", "2021-09-02 19:06:28.914832"], ["updated_at", "2021-09-02 19:06:28.914832"]]
  [1m[36mTRANSACTION (5.5ms)[0m  [1m[35mCOMMIT[0m
  [1m[35m (0.3ms)[0m  [1m[34mSELECT pg_advisory_unlock(7524738691768271610)[0m
  [1m[35m (0.4ms)[0m  [1m[34mSELECT "schema_migrations"."version" FROM "schema_migrations" ORDER BY "schema_migrations"."version" ASC[0m
Started GET "/users/sign_in" for 127.0.0.1 at 2021-09-02 21:07:00 +0200
  [1m[35m (0.9ms)[0m  [1m[34mSELECT "schema_migrations"."version" FROM "schema_migrations" ORDER BY "schema_migrations"."version" ASC[0m
Processing by Devise::SessionsController#new as HTML
  Rendering layout layouts/application.html.erb
  Rendering devise/sessions/new.html.erb within layouts/application
  Rendered devise/sessions/new.html.erb within layouts/application (Duration: 8.0ms | Allocations: 4427)
  Rendered layout layouts/application.html.erb (Duration: 8.2ms | Allocations: 4502)
Completed 500 Internal Server Error in 23ms (ActiveRecord: 4.6ms | Allocations: 11972)


  
ActionView::Template::Error (undefined method `session_path' for #<ActionView::Base:0x000000000099c0>
Did you mean?  session):
    1: <h2>Log in</h2>
    2: 
    3: <%= form_for(resource, as: resource_name, url: session_path(resource_name)) do |f| %>
    4:   <div class="field">
    5:     <%= f.label :email %><br />
    6:     <%= f.email_field :email, autofocus: true, autocomplete: "email" %>
  
app/views/devise/sessions/new.html.erb:3
Started GET "/users/sign_in" for 127.0.0.1 at 2021-09-02 21:08:01 +0200
  [1m[35m (0.9ms)[0m  [1m[34mSELECT "schema_migrations"."version" FROM "schema_migrations" ORDER BY "schema_migrations"."version" ASC[0m
Processing by Devise::SessionsController#new as HTML
  Rendering layout layouts/application.html.erb
  Rendering devise/sessions/new.html.erb within layouts/application
  Rendered devise/shared/_links.html.erb (Duration: 0.9ms | Allocations: 709)
  Rendered devise/sessions/new.html.erb within layouts/application (Duration: 70.5ms | Allocations: 9162)
[Webpacker] Everything's up-to-date. Nothing to do
  Rendered layout layouts/application.html.erb (Duration: 79.6ms | Allocations: 14776)
Completed 200 OK in 106ms (Views: 82.8ms | ActiveRecord: 10.7ms | Allocations: 24457)


Started POST "/users/sign_in" for 127.0.0.1 at 2021-09-02 21:08:09 +0200
Processing by Devise::SessionsController#create as HTML
  Parameters: {"authenticity_token"=>"[FILTERED]", "user"=>{"email"=>"test@mail.com", "password"=>"[FILTERED]", "remember_me"=>"0"}, "commit"=>"Log in"}
  [1m[36mUser Load (1.9ms)[0m  [1m[34mSELECT "users".* FROM "users" WHERE "users"."email" = $1 ORDER BY "users"."id" ASC LIMIT $2[0m  [["email", "test@mail.com"], ["LIMIT", 1]]
Completed 401 Unauthorized in 9ms (ActiveRecord: 2.8ms | Allocations: 3283)


Processing by Devise::SessionsController#new as HTML
  Parameters: {"authenticity_token"=>"[FILTERED]", "user"=>{"email"=>"test@mail.com", "password"=>"[FILTERED]", "remember_me"=>"0"}, "commit"=>"Log in"}
  Rendering layout layouts/application.html.erb
  Rendering devise/sessions/new.html.erb within layouts/application
  Rendered devise/shared/_links.html.erb (Duration: 0.3ms | Allocations: 169)
  Rendered devise/sessions/new.html.erb within layouts/application (Duration: 1.7ms | Allocations: 1142)
[Webpacker] Everything's up-to-date. Nothing to do
  Rendered layout layouts/application.html.erb (Duration: 4.9ms | Allocations: 4174)
Completed 200 OK in 378ms (Views: 5.5ms | ActiveRecord: 0.0ms | Allocations: 6076)


Started GET "/users/sign_up" for 127.0.0.1 at 2021-09-02 21:08:13 +0200
Processing by Devise::RegistrationsController#new as HTML
  Rendering layout layouts/application.html.erb
  Rendering devise/registrations/new.html.erb within layouts/application
  Rendered devise/shared/_error_messages.html.erb (Duration: 0.6ms | Allocations: 237)
  Rendered devise/shared/_links.html.erb (Duration: 0.4ms | Allocations: 158)
  Rendered devise/registrations/new.html.erb within layouts/application (Duration: 6.8ms | Allocations: 2028)
[Webpacker] Everything's up-to-date. Nothing to do
  Rendered layout layouts/application.html.erb (Duration: 12.2ms | Allocations: 5079)
Completed 200 OK in 16ms (Views: 14.4ms | ActiveRecord: 0.0ms | Allocations: 6649)


Started POST "/users" for 127.0.0.1 at 2021-09-02 21:08:20 +0200
Processing by Devise::RegistrationsController#create as HTML
  Parameters: {"authenticity_token"=>"[FILTERED]", "user"=>{"email"=>"test@mail.com", "password"=>"[FILTERED]", "password_confirmation"=>"[FILTERED]"}, "commit"=>"Sign up"}
  [1m[36mTRANSACTION (0.8ms)[0m  [1m[35mBEGIN[0m
  [1m[36mUser Exists? (0.9ms)[0m  [1m[34mSELECT 1 AS one FROM "users" WHERE "users"."email" = $1 LIMIT $2[0m  [["email", "test@mail.com"], ["LIMIT", 1]]
  [1m[36mUser Create (1.1ms)[0m  [1m[32mINSERT INTO "users" ("email", "encrypted_password", "created_at", "updated_at") VALUES ($1, $2, $3, $4) RETURNING "id"[0m  [["email", "test@mail.com"], ["encrypted_password", "$2a$12$WYsxh/Of81IZ.oIqjgOKzOzXTTw7Y06/x4mH6OvePkgKflx2RSV1S"], ["created_at", "2021-09-02 19:08:20.359874"], ["updated_at", "2021-09-02 19:08:20.359874"]]
  [1m[36mTRANSACTION (12.4ms)[0m  [1m[35mCOMMIT[0m
Redirected to http://localhost:3000/
Completed 302 Found in 242ms (ActiveRecord: 15.2ms | Allocations: 8539)


Started GET "/" for 127.0.0.1 at 2021-09-02 21:08:20 +0200
Processing by HomeController#index as HTML
  Rendering layout layouts/application.html.erb
  Rendering home/index.html.erb within layouts/application
  Rendered home/index.html.erb within layouts/application (Duration: 0.3ms | Allocations: 142)
[Webpacker] Everything's up-to-date. Nothing to do
  Rendered layout layouts/application.html.erb (Duration: 3.8ms | Allocations: 3258)
Completed 200 OK in 6ms (Views: 4.9ms | ActiveRecord: 0.0ms | Allocations: 4633)


Started GET "/" for 127.0.0.1 at 2021-09-02 21:08:26 +0200
Processing by HomeController#index as HTML
  Rendering layout layouts/application.html.erb
  Rendering home/index.html.erb within layouts/application
  Rendered home/index.html.erb within layouts/application (Duration: 0.1ms | Allocations: 37)
[Webpacker] Everything's up-to-date. Nothing to do
  Rendered layout layouts/application.html.erb (Duration: 6.5ms | Allocations: 2899)
Completed 200 OK in 9ms (Views: 7.3ms | ActiveRecord: 0.0ms | Allocations: 3395)


